<?xml version="1.0" encoding="UTF-8"?>
<!-- Generated by org.testng.reporters.JUnitXMLReporter -->
<testsuite hostname="Smart-PC" ignored="0" name="Default test" tests="1" failures="0" timestamp="19 Mar 2018 00:29:42 GMT" time="0.456" errors="0">
  <testcase name="@BeforeClass Startup" time="0.346" classname="Run.GmailFunctionality">
    <failure type="java.lang.IllegalStateException" message="The path to the driver executable must be set by the webdriver.gecko.driver system property; for more information, see https://github.com/mozilla/geckodriver. The latest version can be downloaded from https://github.com/mozilla/geckodriver/releases">
      <![CDATA[java.lang.IllegalStateException: The path to the driver executable must be set by the webdriver.gecko.driver system property; for more information, see https://github.com/mozilla/geckodriver. The latest version can be downloaded from https://github.com/mozilla/geckodriver/releases
at com.google.common.base.Preconditions.checkState(Preconditions.java:738)
at org.openqa.selenium.remote.service.DriverService.findExecutable(DriverService.java:111)
at org.openqa.selenium.firefox.GeckoDriverService.access$100(GeckoDriverService.java:38)
at org.openqa.selenium.firefox.GeckoDriverService$Builder.findDefaultExecutable(GeckoDriverService.java:112)
at org.openqa.selenium.remote.service.DriverService$Builder.build(DriverService.java:302)
at org.openqa.selenium.firefox.FirefoxDriver.createCommandExecutor(FirefoxDriver.java:312)
at org.openqa.selenium.firefox.FirefoxDriver.<init>(FirefoxDriver.java:272)
at org.openqa.selenium.firefox.FirefoxDriver.<init>(FirefoxDriver.java:267)
at org.openqa.selenium.firefox.FirefoxDriver.<init>(FirefoxDriver.java:263)
at org.openqa.selenium.firefox.FirefoxDriver.<init>(FirefoxDriver.java:122)
at Run.GmailFunctionality.Startup(GmailFunctionality.java:14)
at sun.reflect.NativeMethodAccessorImpl.invoke0(Native Method)
at sun.reflect.NativeMethodAccessorImpl.invoke(Unknown Source)
at sun.reflect.DelegatingMethodAccessorImpl.invoke(Unknown Source)
at java.lang.reflect.Method.invoke(Unknown Source)
at org.testng.internal.MethodInvocationHelper.invokeMethod(MethodInvocationHelper.java:124)
at org.testng.internal.MethodInvocationHelper.invokeMethodConsideringTimeout(MethodInvocationHelper.java:59)
at org.testng.internal.Invoker.invokeConfigurationMethod(Invoker.java:455)
at org.testng.internal.Invoker.invokeConfigurations(Invoker.java:222)
at org.testng.internal.Invoker.invokeConfigurations(Invoker.java:142)
at org.testng.internal.TestMethodWorker.invokeBeforeClassMethods(TestMethodWorker.java:168)
at org.testng.internal.TestMethodWorker.run(TestMethodWorker.java:105)
at org.testng.TestRunner.privateRun(TestRunner.java:648)
at org.testng.TestRunner.run(TestRunner.java:505)
at org.testng.SuiteRunner.runTest(SuiteRunner.java:455)
at org.testng.SuiteRunner.runSequentially(SuiteRunner.java:450)
at org.testng.SuiteRunner.privateRun(SuiteRunner.java:415)
at org.testng.SuiteRunner.run(SuiteRunner.java:364)
at org.testng.SuiteRunnerWorker.runSuite(SuiteRunnerWorker.java:52)
at org.testng.SuiteRunnerWorker.run(SuiteRunnerWorker.java:84)
at org.testng.TestNG.runSuitesSequentially(TestNG.java:1208)
at org.testng.TestNG.runSuitesLocally(TestNG.java:1137)
at org.testng.TestNG.runSuites(TestNG.java:1049)
at org.testng.TestNG.run(TestNG.java:1017)
at org.testng.remote.AbstractRemoteTestNG.run(AbstractRemoteTestNG.java:114)
at org.testng.remote.RemoteTestNG.initAndRun(RemoteTestNG.java:251)
at org.testng.remote.RemoteTestNG.main(RemoteTestNG.java:77)
]]>
    </failure>
  </testcase> <!-- @BeforeClass Startup -->
  <testcase name="@AfterClass teardown" time="0.0" classname="Run.GmailFunctionality">
    <skipped/>
  </testcase> <!-- @AfterClass teardown -->
  <testcase name="GoogleLogin" time="0.0" classname="Run.GmailFunctionality">
    <skipped/>
  </testcase> <!-- GoogleLogin -->
</testsuite> <!-- Default test -->
